2019-09-08 00:32:55.182163 EDT | [09-08-rlkit-skew-fit-pusher-reference-sample-from-true-prior-take2_2019_09_08_00_30_04_0000--s-38841] Epoch 0 finished
-------------------------------------------------  ----------------
vae_trainer/train/log prob                         -11167.8
vae_trainer/train/KL                                   18.4918
vae_trainer/train/loss                              11537.6
vae_trainer/epoch                                       0
vae_trainer/test/log prob                          -10584.9
vae_trainer/test/KL                                    10.0952
vae_trainer/test/loss                               10786.8
vae_trainer/beta                                       20
replay_buffer/VAE Sample Weights Mean                   9.52381e-05
replay_buffer/VAE Sample Weights Std                    0.00128564
replay_buffer/VAE Sample Weights Max                    0.0707622
replay_buffer/VAE Sample Weights Min                    3.58527e-10
replay_buffer/VAE Sample Probs Mean                     9.52381e-05
replay_buffer/VAE Sample Probs Std                      0.00128564
replay_buffer/VAE Sample Probs Max                      0.0707622
replay_buffer/VAE Sample Probs Min                      3.58527e-10
trainer/QF1 Loss                                        1.10802
trainer/QF2 Loss                                        1.10843
trainer/Policy Loss                                    -1.32422
trainer/Q1 Predictions Mean                             0.00254882
trainer/Q1 Predictions Std                              0.0010265
trainer/Q1 Predictions Max                              0.00512821
trainer/Q1 Predictions Min                              1.61568e-05
trainer/Q2 Predictions Mean                            -0.00160064
trainer/Q2 Predictions Std                              0.00128166
trainer/Q2 Predictions Max                              0.00196242
trainer/Q2 Predictions Min                             -0.00583278
trainer/Q Targets Mean                                  0.0479442
trainer/Q Targets Std                                   1.05166
trainer/Q Targets Max                                   2.50029
trainer/Q Targets Min                                  -2.9801
trainer/Log Pis Mean                                   -1.32583
trainer/Log Pis Std                                     0.30451
trainer/Log Pis Max                                    -0.545083
trainer/Log Pis Min                                    -1.83569
trainer/Policy mu Mean                                 -0.000551386
trainer/Policy mu Std                                   0.00257114
trainer/Policy mu Max                                   0.00303947
trainer/Policy mu Min                                  -0.00404424
trainer/Policy log std Mean                            -0.000794843
trainer/Policy log std Std                              0.000240367
trainer/Policy log std Max                              0.000230033
trainer/Policy log std Min                             -0.00142511
trainer/Alpha                                           0.999
trainer/Alpha Loss                                     -0
exploration/num steps total                         10500
exploration/num paths total                           210
exploration/path length Mean                           50
exploration/path length Std                             0
exploration/path length Max                            50
exploration/path length Min                            50
exploration/hand_distance Mean                          0.0924403
exploration/hand_distance Std                           0.0366737
exploration/hand_distance Max                           0.183941
exploration/hand_distance Min                           0.0290314
exploration/Final hand_distance Mean                    0.0922122
exploration/Final hand_distance Std                     0.0407001
exploration/Final hand_distance Max                     0.183941
exploration/Final hand_distance Min                     0.0352912
exploration/puck_distance Mean                          0.104286
exploration/puck_distance Std                           0.0559464
exploration/puck_distance Max                           0.290385
exploration/puck_distance Min                           0.0163181
exploration/Final puck_distance Mean                    0.105261
exploration/Final puck_distance Std                     0.0699421
exploration/Final puck_distance Max                     0.290385
exploration/Final puck_distance Min                     0.0355436
exploration/touch_distance Mean                         0.0814739
exploration/touch_distance Std                          0.0219113
exploration/touch_distance Max                          0.16481
exploration/touch_distance Min                          0.0560212
exploration/Final touch_distance Mean                   0.0985606
exploration/Final touch_distance Std                    0.0262708
exploration/Final touch_distance Max                    0.145969
exploration/Final touch_distance Min                    0.0619953
exploration/success Mean                                0
exploration/success Std                                 0
exploration/success Max                                 0
exploration/success Min                                 0
exploration/Final success Mean                          0
exploration/Final success Std                           0
exploration/Final success Max                           0
exploration/Final success Min                           0
exploration/image_dist Mean                            10.1057
exploration/image_dist Std                              2.38765
exploration/image_dist Max                             14.4019
exploration/image_dist Min                              5.22768
exploration/Final image_dist Mean                      10.0902
exploration/Final image_dist Std                        2.66046
exploration/Final image_dist Max                       13.8672
exploration/Final image_dist Min                        5.32471
exploration/image_success Mean                         -0.524
exploration/image_success Std                           0.499424
exploration/image_success Max                           0
exploration/image_success Min                          -1
exploration/Final image_success Mean                   -0.5
exploration/Final image_success Std                     0.5
exploration/Final image_success Max                     0
exploration/Final image_success Min                    -1
exploration/vae_mdist Mean                           1720.21
exploration/vae_mdist Std                            1145.13
exploration/vae_mdist Max                            4260.13
exploration/vae_mdist Min                             338.056
exploration/Final vae_mdist Mean                     1720.21
exploration/Final vae_mdist Std                      1145.13
exploration/Final vae_mdist Max                      4260.13
exploration/Final vae_mdist Min                       338.056
exploration/vae_success Mean                            0
exploration/vae_success Std                             0
exploration/vae_success Max                             0
exploration/vae_success Min                             0
exploration/Final vae_success Mean                      0
exploration/Final vae_success Std                       0
exploration/Final vae_success Max                       0
exploration/Final vae_success Min                       0
exploration/vae_dist Mean                               1.7553
exploration/vae_dist Std                                0.599856
exploration/vae_dist Max                                2.91919
exploration/vae_dist Min                                0.822341
exploration/Final vae_dist Mean                         1.7553
exploration/Final vae_dist Std                          0.599856
exploration/Final vae_dist Max                          2.91919
exploration/Final vae_dist Min                          0.822341
exploration/Rewards Mean                               -1.7553
exploration/Rewards Std                                 0.599856
exploration/Rewards Max                                -0.822341
exploration/Rewards Min                                -2.91919
exploration/Returns Mean                              -87.7652
exploration/Returns Std                                29.9928
exploration/Returns Max                               -41.1171
exploration/Returns Min                              -145.96
exploration/Actions Mean                                0.00580346
exploration/Actions Std                                 0.63013
exploration/Actions Max                                 0.998429
exploration/Actions Min                                -0.996066
exploration/Num Paths                                  10
exploration/Average Returns                           -87.7652
exploration/env_infos/final/hand_distance Mean          0.0922122
exploration/env_infos/final/hand_distance Std           0.0407001
exploration/env_infos/final/hand_distance Max           0.183941
exploration/env_infos/final/hand_distance Min           0.0352912
exploration/env_infos/initial/hand_distance Mean        0.0925172
exploration/env_infos/initial/hand_distance Std         0.0176022
exploration/env_infos/initial/hand_distance Max         0.122638
exploration/env_infos/initial/hand_distance Min         0.0560681
exploration/env_infos/hand_distance Mean                0.0924403
exploration/env_infos/hand_distance Std                 0.0366737
exploration/env_infos/hand_distance Max                 0.183941
exploration/env_infos/hand_distance Min                 0.0290314
exploration/env_infos/final/puck_distance Mean          0.105261
exploration/env_infos/final/puck_distance Std           0.0699421
exploration/env_infos/final/puck_distance Max           0.290385
exploration/env_infos/final/puck_distance Min           0.0355436
exploration/env_infos/initial/puck_distance Mean        0.110475
exploration/env_infos/initial/puck_distance Std         0.0381938
exploration/env_infos/initial/puck_distance Max         0.17847
exploration/env_infos/initial/puck_distance Min         0.0484463
exploration/env_infos/puck_distance Mean                0.104286
exploration/env_infos/puck_distance Std                 0.0559464
exploration/env_infos/puck_distance Max                 0.290385
exploration/env_infos/puck_distance Min                 0.0163181
exploration/env_infos/final/touch_distance Mean         0.0985606
exploration/env_infos/final/touch_distance Std          0.0262708
exploration/env_infos/final/touch_distance Max          0.145969
exploration/env_infos/final/touch_distance Min          0.0619953
exploration/env_infos/initial/touch_distance Mean       0.0730639
exploration/env_infos/initial/touch_distance Std        0.00195676
exploration/env_infos/initial/touch_distance Max        0.0770635
exploration/env_infos/initial/touch_distance Min        0.0717241
exploration/env_infos/touch_distance Mean               0.0814739
exploration/env_infos/touch_distance Std                0.0219113
exploration/env_infos/touch_distance Max                0.16481
exploration/env_infos/touch_distance Min                0.0560212
exploration/env_infos/final/success Mean                0
exploration/env_infos/final/success Std                 0
exploration/env_infos/final/success Max                 0
exploration/env_infos/final/success Min                 0
exploration/env_infos/initial/success Mean              0
exploration/env_infos/initial/success Std               0
exploration/env_infos/initial/success Max               0
exploration/env_infos/initial/success Min               0
exploration/env_infos/success Mean                      0
exploration/env_infos/success Std                       0
exploration/env_infos/success Max                       0
exploration/env_infos/success Min                       0
exploration/env_infos/final/image_dist Mean            10.0902
exploration/env_infos/final/image_dist Std              2.66046
exploration/env_infos/final/image_dist Max             13.8672
exploration/env_infos/final/image_dist Min              5.32471
exploration/env_infos/initial/image_dist Mean          10.0481
exploration/env_infos/initial/image_dist Std            1.07167
exploration/env_infos/initial/image_dist Max           11.5762
exploration/env_infos/initial/image_dist Min            7.84542
exploration/env_infos/image_dist Mean                  10.1057
exploration/env_infos/image_dist Std                    2.38765
exploration/env_infos/image_dist Max                   14.4019
exploration/env_infos/image_dist Min                    5.22768
exploration/env_infos/final/image_success Mean         -0.5
exploration/env_infos/final/image_success Std           0.5
exploration/env_infos/final/image_success Max           0
exploration/env_infos/final/image_success Min          -1
exploration/env_infos/initial/image_success Mean       -0.6
exploration/env_infos/initial/image_success Std         0.489898
exploration/env_infos/initial/image_success Max         0
exploration/env_infos/initial/image_success Min        -1
exploration/env_infos/image_success Mean               -0.524
exploration/env_infos/image_success Std                 0.499424
exploration/env_infos/image_success Max                 0
exploration/env_infos/image_success Min                -1
exploration/env_infos/final/vae_mdist Mean           1720.21
exploration/env_infos/final/vae_mdist Std            1145.13
exploration/env_infos/final/vae_mdist Max            4260.13
exploration/env_infos/final/vae_mdist Min             338.056
exploration/env_infos/initial/vae_mdist Mean         1720.21
exploration/env_infos/initial/vae_mdist Std          1145.13
exploration/env_infos/initial/vae_mdist Max          4260.12
exploration/env_infos/initial/vae_mdist Min           338.058
exploration/env_infos/vae_mdist Mean                 1720.21
exploration/env_infos/vae_mdist Std                  1145.13
exploration/env_infos/vae_mdist Max                  4260.13
exploration/env_infos/vae_mdist Min                   338.056
exploration/env_infos/final/vae_success Mean            0
exploration/env_infos/final/vae_success Std             0
exploration/env_infos/final/vae_success Max             0
exploration/env_infos/final/vae_success Min             0
exploration/env_infos/initial/vae_success Mean          0
exploration/env_infos/initial/vae_success Std           0
exploration/env_infos/initial/vae_success Max           0
exploration/env_infos/initial/vae_success Min           0
exploration/env_infos/vae_success Mean                  0
exploration/env_infos/vae_success Std                   0
exploration/env_infos/vae_success Max                   0
exploration/env_infos/vae_success Min                   0
exploration/env_infos/final/vae_dist Mean               1.7553
exploration/env_infos/final/vae_dist Std                0.599856
exploration/env_infos/final/vae_dist Max                2.91919
exploration/env_infos/final/vae_dist Min                0.822341
exploration/env_infos/initial/vae_dist Mean             1.7553
exploration/env_infos/initial/vae_dist Std              0.599856
exploration/env_infos/initial/vae_dist Max              2.91919
exploration/env_infos/initial/vae_dist Min              0.822343
exploration/env_infos/vae_dist Mean                     1.7553
exploration/env_infos/vae_dist Std                      0.599856
exploration/env_infos/vae_dist Max                      2.91919
exploration/env_infos/vae_dist Min                      0.822341
exploration/env_infos/final/vae_dist_l1 Mean            2.77532
exploration/env_infos/final/vae_dist_l1 Std             1.01256
exploration/env_infos/final/vae_dist_l1 Max             4.68772
exploration/env_infos/final/vae_dist_l1 Min             1.37697
exploration/env_infos/initial/vae_dist_l1 Mean          2.77532
exploration/env_infos/initial/vae_dist_l1 Std           1.01256
exploration/env_infos/initial/vae_dist_l1 Max           4.68772
exploration/env_infos/initial/vae_dist_l1 Min           1.37697
exploration/env_infos/vae_dist_l1 Mean                  2.77532
exploration/env_infos/vae_dist_l1 Std                   1.01256
exploration/env_infos/vae_dist_l1 Max                   4.68772
exploration/env_infos/vae_dist_l1 Min                   1.37696
exploration/env_infos/final/vae_dist_l2 Mean            1.7553
exploration/env_infos/final/vae_dist_l2 Std             0.599856
exploration/env_infos/final/vae_dist_l2 Max             2.91919
exploration/env_infos/final/vae_dist_l2 Min             0.822341
exploration/env_infos/initial/vae_dist_l2 Mean          1.7553
exploration/env_infos/initial/vae_dist_l2 Std           0.599856
exploration/env_infos/initial/vae_dist_l2 Max           2.91919
exploration/env_infos/initial/vae_dist_l2 Min           0.822343
exploration/env_infos/vae_dist_l2 Mean                  1.7553
exploration/env_infos/vae_dist_l2 Std                   0.599856
exploration/env_infos/vae_dist_l2 Max                   2.91919
exploration/env_infos/vae_dist_l2 Min                   0.822341
evaluation/num steps total                            500
evaluation/num paths total                             10
evaluation/path length Mean                            50
evaluation/path length Std                              0
evaluation/path length Max                             50
evaluation/path length Min                             50
evaluation/hand_distance Mean                           0.0857074
evaluation/hand_distance Std                            0.0231335
evaluation/hand_distance Max                            0.133419
evaluation/hand_distance Min                            0.0407529
evaluation/Final hand_distance Mean                     0.0859892
evaluation/Final hand_distance Std                      0.0232446
evaluation/Final hand_distance Max                      0.129269
evaluation/Final hand_distance Min                      0.0421254
evaluation/puck_distance Mean                           0.0871409
evaluation/puck_distance Std                            0.0554876
evaluation/puck_distance Max                            0.167453
evaluation/puck_distance Min                            0.00981206
evaluation/Final puck_distance Mean                     0.0871406
evaluation/Final puck_distance Std                      0.0554881
evaluation/Final puck_distance Max                      0.167453
evaluation/Final puck_distance Min                      0.00981206
evaluation/touch_distance Mean                          0.060773
evaluation/touch_distance Std                           0.00204655
evaluation/touch_distance Max                           0.0738955
evaluation/touch_distance Min                           0.0596043
evaluation/Final touch_distance Mean                    0.0608619
evaluation/Final touch_distance Std                     6.22233e-09
evaluation/Final touch_distance Max                     0.0608619
evaluation/Final touch_distance Min                     0.0608619
evaluation/success Mean                                 0
evaluation/success Std                                  0
evaluation/success Max                                  0
evaluation/success Min                                  0
evaluation/Final success Mean                           0
evaluation/Final success Std                            0
evaluation/Final success Max                            0
evaluation/Final success Min                            0
evaluation/image_dist Mean                              9.66231
evaluation/image_dist Std                               1.64275
evaluation/image_dist Max                              12.2368
evaluation/image_dist Min                               6.18289
evaluation/Final image_dist Mean                        9.67287
evaluation/Final image_dist Std                         1.65986
evaluation/Final image_dist Max                        12.2302
evaluation/Final image_dist Min                         6.20008
evaluation/image_success Mean                          -0.588
evaluation/image_success Std                            0.492195
evaluation/image_success Max                            0
evaluation/image_success Min                           -1
evaluation/Final image_success Mean                    -0.6
evaluation/Final image_success Std                      0.489898
evaluation/Final image_success Max                      0
evaluation/Final image_success Min                     -1
evaluation/vae_mdist Mean                               3.14166e-09
evaluation/vae_mdist Std                                1.69288e-09
evaluation/vae_mdist Max                                7.20328e-09
evaluation/vae_mdist Min                                2.52125e-10
evaluation/Final vae_mdist Mean                         3.04739e-09
evaluation/Final vae_mdist Std                          1.65329e-09
evaluation/Final vae_mdist Max                          5.9105e-09
evaluation/Final vae_mdist Min                          3.08416e-10
evaluation/vae_success Mean                             1
evaluation/vae_success Std                              0
evaluation/vae_success Max                              1
evaluation/vae_success Min                              1
evaluation/Final vae_success Mean                       1
evaluation/Final vae_success Std                        0
evaluation/Final vae_success Max                        1
evaluation/Final vae_success Min                        1
evaluation/vae_dist Mean                                2.38742e-06
evaluation/vae_dist Std                                 7.64608e-07
evaluation/vae_dist Max                                 3.79587e-06
evaluation/vae_dist Min                                 7.10174e-07
evaluation/Final vae_dist Mean                          2.34798e-06
evaluation/Final vae_dist Std                           7.6343e-07
evaluation/Final vae_dist Max                           3.43841e-06
evaluation/Final vae_dist Min                           7.8546e-07
evaluation/Rewards Mean                                -2.38742e-06
evaluation/Rewards Std                                  7.64608e-07
evaluation/Rewards Max                                 -7.10174e-07
evaluation/Rewards Min                                 -3.79587e-06
evaluation/Returns Mean                                -0.000119371
evaluation/Returns Std                                  3.78861e-05
evaluation/Returns Max                                 -4.32902e-05
evaluation/Returns Min                                 -0.000174312
evaluation/Actions Mean                                -0.000523635
evaluation/Actions Std                                  0.00252699
evaluation/Actions Max                                  0.00200335
evaluation/Actions Min                                 -0.00305062
evaluation/Num Paths                                   10
evaluation/Average Returns                             -0.000119371
evaluation/env_infos/final/hand_distance Mean           0.0859892
evaluation/env_infos/final/hand_distance Std            0.0232446
evaluation/env_infos/final/hand_distance Max            0.129269
evaluation/env_infos/final/hand_distance Min            0.0421254
evaluation/env_infos/initial/hand_distance Mean         0.093104
evaluation/env_infos/initial/hand_distance Std          0.0209066
evaluation/env_infos/initial/hand_distance Max          0.133419
evaluation/env_infos/initial/hand_distance Min          0.0546548
evaluation/env_infos/hand_distance Mean                 0.0857074
evaluation/env_infos/hand_distance Std                  0.0231335
evaluation/env_infos/hand_distance Max                  0.133419
evaluation/env_infos/hand_distance Min                  0.0407529
evaluation/env_infos/final/puck_distance Mean           0.0871406
evaluation/env_infos/final/puck_distance Std            0.0554881
evaluation/env_infos/final/puck_distance Max            0.167453
evaluation/env_infos/final/puck_distance Min            0.00981206
evaluation/env_infos/initial/puck_distance Mean         0.0871413
evaluation/env_infos/initial/puck_distance Std          0.055487
evaluation/env_infos/initial/puck_distance Max          0.167453
evaluation/env_infos/initial/puck_distance Min          0.00981473
evaluation/env_infos/puck_distance Mean                 0.0871409
evaluation/env_infos/puck_distance Std                  0.0554876
evaluation/env_infos/puck_distance Max                  0.167453
evaluation/env_infos/puck_distance Min                  0.00981206
evaluation/env_infos/final/touch_distance Mean          0.0608619
evaluation/env_infos/final/touch_distance Std           6.22233e-09
evaluation/env_infos/final/touch_distance Max           0.0608619
evaluation/env_infos/final/touch_distance Min           0.0608619
evaluation/env_infos/initial/touch_distance Mean        0.0738579
evaluation/env_infos/initial/touch_distance Std         1.25452e-05
evaluation/env_infos/initial/touch_distance Max         0.0738955
evaluation/env_infos/initial/touch_distance Min         0.0738537
evaluation/env_infos/touch_distance Mean                0.060773
evaluation/env_infos/touch_distance Std                 0.00204655
evaluation/env_infos/touch_distance Max                 0.0738955
evaluation/env_infos/touch_distance Min                 0.0596043
evaluation/env_infos/final/success Mean                 0
evaluation/env_infos/final/success Std                  0
evaluation/env_infos/final/success Max                  0
evaluation/env_infos/final/success Min                  0
evaluation/env_infos/initial/success Mean               0
evaluation/env_infos/initial/success Std                0
evaluation/env_infos/initial/success Max                0
evaluation/env_infos/initial/success Min                0
evaluation/env_infos/success Mean                       0
evaluation/env_infos/success Std                        0
evaluation/env_infos/success Max                        0
evaluation/env_infos/success Min                        0
evaluation/env_infos/final/image_dist Mean              9.67287
evaluation/env_infos/final/image_dist Std               1.65986
evaluation/env_infos/final/image_dist Max              12.2302
evaluation/env_infos/final/image_dist Min               6.20008
evaluation/env_infos/initial/image_dist Mean            9.65484
evaluation/env_infos/initial/image_dist Std             1.42945
evaluation/env_infos/initial/image_dist Max            11.8877
evaluation/env_infos/initial/image_dist Min             6.77333
evaluation/env_infos/image_dist Mean                    9.66231
evaluation/env_infos/image_dist Std                     1.64275
evaluation/env_infos/image_dist Max                    12.2368
evaluation/env_infos/image_dist Min                     6.18289
evaluation/env_infos/final/image_success Mean          -0.6
evaluation/env_infos/final/image_success Std            0.489898
evaluation/env_infos/final/image_success Max            0
evaluation/env_infos/final/image_success Min           -1
evaluation/env_infos/initial/image_success Mean        -0.5
evaluation/env_infos/initial/image_success Std          0.5
evaluation/env_infos/initial/image_success Max          0
evaluation/env_infos/initial/image_success Min         -1
evaluation/env_infos/image_success Mean                -0.588
evaluation/env_infos/image_success Std                  0.492195
evaluation/env_infos/image_success Max                  0
evaluation/env_infos/image_success Min                 -1
evaluation/env_infos/final/vae_mdist Mean               3.04739e-09
evaluation/env_infos/final/vae_mdist Std                1.65329e-09
evaluation/env_infos/final/vae_mdist Max                5.9105e-09
evaluation/env_infos/final/vae_mdist Min                3.08416e-10
evaluation/env_infos/initial/vae_mdist Mean             3.2161e-09
evaluation/env_infos/initial/vae_mdist Std              1.69254e-09
evaluation/env_infos/initial/vae_mdist Max              5.45288e-09
evaluation/env_infos/initial/vae_mdist Min              4.33756e-10
evaluation/env_infos/vae_mdist Mean                     3.14166e-09
evaluation/env_infos/vae_mdist Std                      1.69288e-09
evaluation/env_infos/vae_mdist Max                      7.20328e-09
evaluation/env_infos/vae_mdist Min                      2.52125e-10
evaluation/env_infos/final/vae_success Mean             1
evaluation/env_infos/final/vae_success Std              0
evaluation/env_infos/final/vae_success Max              1
evaluation/env_infos/final/vae_success Min              1
evaluation/env_infos/initial/vae_success Mean           1
evaluation/env_infos/initial/vae_success Std            0
evaluation/env_infos/initial/vae_success Max            1
evaluation/env_infos/initial/vae_success Min            1
evaluation/env_infos/vae_success Mean                   1
evaluation/env_infos/vae_success Std                    0
evaluation/env_infos/vae_success Max                    1
evaluation/env_infos/vae_success Min                    1
evaluation/env_infos/final/vae_dist Mean                2.34798e-06
evaluation/env_infos/final/vae_dist Std                 7.6343e-07
evaluation/env_infos/final/vae_dist Max                 3.43841e-06
evaluation/env_infos/final/vae_dist Min                 7.8546e-07
evaluation/env_infos/initial/vae_dist Mean              2.41445e-06
evaluation/env_infos/initial/vae_dist Std               7.7704e-07
evaluation/env_infos/initial/vae_dist Max               3.30277e-06
evaluation/env_infos/initial/vae_dist Min               9.31491e-07
evaluation/env_infos/vae_dist Mean                      2.38742e-06
evaluation/env_infos/vae_dist Std                       7.64608e-07
evaluation/env_infos/vae_dist Max                       3.79587e-06
evaluation/env_infos/vae_dist Min                       7.10174e-07
evaluation/env_infos/final/vae_dist_l1 Mean             3.95366e-06
evaluation/env_infos/final/vae_dist_l1 Std              1.29466e-06
evaluation/env_infos/final/vae_dist_l1 Max              6.24266e-06
evaluation/env_infos/final/vae_dist_l1 Min              1.27759e-06
evaluation/env_infos/initial/vae_dist_l1 Mean           4.10804e-06
evaluation/env_infos/initial/vae_dist_l1 Std            1.34186e-06
evaluation/env_infos/initial/vae_dist_l1 Max            5.75557e-06
evaluation/env_infos/initial/vae_dist_l1 Min            1.48592e-06
evaluation/env_infos/vae_dist_l1 Mean                   4.02607e-06
evaluation/env_infos/vae_dist_l1 Std                    1.31255e-06
evaluation/env_infos/vae_dist_l1 Max                    6.69417e-06
evaluation/env_infos/vae_dist_l1 Min                    1.04107e-06
evaluation/env_infos/final/vae_dist_l2 Mean             2.34798e-06
evaluation/env_infos/final/vae_dist_l2 Std              7.6343e-07
evaluation/env_infos/final/vae_dist_l2 Max              3.43841e-06
evaluation/env_infos/final/vae_dist_l2 Min              7.8546e-07
evaluation/env_infos/initial/vae_dist_l2 Mean           2.41445e-06
evaluation/env_infos/initial/vae_dist_l2 Std            7.7704e-07
evaluation/env_infos/initial/vae_dist_l2 Max            3.30277e-06
evaluation/env_infos/initial/vae_dist_l2 Min            9.31491e-07
evaluation/env_infos/vae_dist_l2 Mean                   2.38742e-06
evaluation/env_infos/vae_dist_l2 Std                    7.64608e-07
evaluation/env_infos/vae_dist_l2 Max                    3.79587e-06
evaluation/env_infos/vae_dist_l2 Min                    7.10174e-07
time/data storing (s)                                   0.178088
time/evaluation sampling (s)                            2.67582
time/exploration sampling (s)                           2.75765
time/logging (s)                                        0.0364085
time/saving (s)                                         0.0924972
time/training (s)                                      48.414
time/vae training (s)                                  31.3276
time/epoch (s)                                         85.482
time/total (s)                                        171.637
Epoch                                                   0
-------------------------------------------------  ----------------
